<?xml version="1.0" encoding="UTF-8"?>
<!-- Generated by org.testng.reporters.JUnitReportReporter -->
<testsuite skipped="0" hostname="fourtek-desktop" name="com.testcase.FileUploadTest" tests="3" failures="0" timestamp="21 Dec 2017 09:50:25 GMT" time="21.878" errors="0">
  <testcase name="clickOnAddNewFile" time="4.163" classname="com.testcase.FileUploadTest"/>
  <testcase name="enterFileLocation" time="5.405" classname="com.testcase.FileUploadTest"/>
  <testcase name="selectFileType" time="12.310" classname="com.testcase.FileUploadTest"/>
</testsuite> <!-- com.testcase.FileUploadTest -->
