<?xml version="1.0" encoding="UTF-8"?>
<!-- Generated by org.testng.reporters.JUnitReportReporter -->
<testsuite skipped="0" hostname="fourtek-desktop" name="com.testcase.MakeOrderTest" tests="4" failures="0" timestamp="22 Dec 2017 07:44:45 GMT" time="21.351" errors="0">
  <testcase name="clickOnMakeOrder" time="4.420" classname="com.testcase.MakeOrderTest"/>
  <testcase name="clickOnTagetLanguage" time="4.227" classname="com.testcase.MakeOrderTest"/>
  <testcase name="clickOnSubmit" time="5.245" classname="com.testcase.MakeOrderTest"/>
  <testcase name="clickOnPlaceOrderNow" time="7.459" classname="com.testcase.MakeOrderTest"/>
</testsuite> <!-- com.testcase.MakeOrderTest -->
