<?xml version="1.0" encoding="UTF-8"?>
<!-- Generated by org.testng.reporters.JUnitReportReporter -->
<testsuite skipped="0" hostname="fourtek-desktop" name="com.testcase.LoginPageTest" tests="5" failures="0" timestamp="02 Jan 2018 06:31:41 GMT" time="30.469" errors="0">
  <testcase name="openBrowser" time="5.996" classname="com.testcase.LoginPageTest"/>
  <testcase name="invalidEmail" time="5.335" classname="com.testcase.LoginPageTest"/>
  <testcase name="invalidPassword" time="5.230" classname="com.testcase.LoginPageTest"/>
  <testcase name="invalidPwdEmail" time="5.052" classname="com.testcase.LoginPageTest"/>
  <testcase name="doLogin" time="8.856" classname="com.testcase.LoginPageTest"/>
</testsuite> <!-- com.testcase.LoginPageTest -->
