<?xml version="1.0" encoding="UTF-8"?>
<!-- Generated by org.testng.reporters.JUnitReportReporter -->
<testsuite skipped="0" hostname="fourtek-desktop" name="com.testcase.LoginPageTest" tests="2" failures="0" timestamp="14 Dec 2017 12:47:34 GMT" time="13.814" errors="0">
  <testcase name="openBrowser" time="6.852" classname="com.testcase.LoginPageTest"/>
  <testcase name="doLogin" time="6.962" classname="com.testcase.LoginPageTest"/>
</testsuite> <!-- com.testcase.LoginPageTest -->
