<?xml version="1.0" encoding="UTF-8"?>
<!-- Generated by org.testng.reporters.JUnitReportReporter -->
<testsuite skipped="0" hostname="fourtek-desktop" name="com.testcase.FileUploadTest" tests="3" failures="0" timestamp="20 Dec 2017 05:45:02 GMT" time="13.680" errors="0">
  <testcase name="clickOnAddNewFile" time="1.132" classname="com.testcase.FileUploadTest"/>
  <testcase name="enterFileLocation" time="5.522" classname="com.testcase.FileUploadTest"/>
  <testcase name="selectFileType" time="7.026" classname="com.testcase.FileUploadTest"/>
</testsuite> <!-- com.testcase.FileUploadTest -->
