<?xml version="1.0" encoding="UTF-8"?>
<!-- Generated by org.testng.reporters.JUnitReportReporter -->
<testsuite skipped="0" hostname="fourtek-desktop" name="com.testcase.FileUploadTest" tests="3" failures="0" timestamp="02 Jan 2018 06:28:27 GMT" time="17.757" errors="0">
  <testcase name="clickOnAddNewFile" time="4.153" classname="com.testcase.FileUploadTest"/>
  <testcase name="enterFileLocation" time="5.514" classname="com.testcase.FileUploadTest"/>
  <testcase name="selectFileType" time="8.090" classname="com.testcase.FileUploadTest"/>
</testsuite> <!-- com.testcase.FileUploadTest -->
