<?xml version="1.0" encoding="UTF-8"?>
<!-- Generated by org.testng.reporters.JUnitReportReporter -->
<testsuite skipped="0" hostname="fourtek-desktop" name="com.testcase.FileUploadTest" tests="3" failures="0" timestamp="27 Dec 2017 04:39:39 GMT" time="17.385" errors="0">
  <testcase name="clickOnAddNewFile" time="4.233" classname="com.testcase.FileUploadTest"/>
  <testcase name="enterFileLocation" time="6.161" classname="com.testcase.FileUploadTest"/>
  <testcase name="selectFileType" time="6.991" classname="com.testcase.FileUploadTest"/>
</testsuite> <!-- com.testcase.FileUploadTest -->
