<?xml version="1.0" encoding="UTF-8"?>
<!-- Generated by org.testng.reporters.JUnitReportReporter -->
<testsuite skipped="0" hostname="fourtek-desktop" name="com.testcase.CreateProjectTest" tests="6" failures="0" timestamp="26 Dec 2017 07:40:18 GMT" time="12.416" errors="0">
  <testcase name="startproject" time="2.225" classname="com.testcase.CreateProjectTest"/>
  <testcase name="typeProjectName" time="0.213" classname="com.testcase.CreateProjectTest"/>
  <testcase name="projectType" time="1.195" classname="com.testcase.CreateProjectTest"/>
  <testcase name="industryType" time="1.212" classname="com.testcase.CreateProjectTest"/>
  <testcase name="targetLanguage" time="1.205" classname="com.testcase.CreateProjectTest"/>
  <testcase name="doClickOnLetsStartButton" time="6.366" classname="com.testcase.CreateProjectTest"/>
</testsuite> <!-- com.testcase.CreateProjectTest -->
