<?xml version="1.0" encoding="UTF-8"?>
<!-- Generated by org.testng.reporters.JUnitReportReporter -->
<testsuite skipped="0" hostname="fourtek-desktop" name="com.testcase.CreateProjectTest" tests="6" failures="0" timestamp="21 Dec 2017 06:33:25 GMT" time="10.627" errors="0">
  <testcase name="startproject" time="1.620" classname="com.testcase.CreateProjectTest"/>
  <testcase name="typeProjectName" time="0.237" classname="com.testcase.CreateProjectTest"/>
  <testcase name="projectType" time="1.209" classname="com.testcase.CreateProjectTest"/>
  <testcase name="industryType" time="1.233" classname="com.testcase.CreateProjectTest"/>
  <testcase name="targetLanguage" time="1.243" classname="com.testcase.CreateProjectTest"/>
  <testcase name="doClickOnLetsStartButton" time="5.085" classname="com.testcase.CreateProjectTest"/>
</testsuite> <!-- com.testcase.CreateProjectTest -->
