<?xml version="1.0" encoding="UTF-8"?>
<!-- Generated by org.testng.reporters.JUnitReportReporter -->
<testsuite skipped="0" hostname="fourtek-desktop" name="com.testcase.FileUploadTest" tests="3" failures="0" timestamp="21 Dec 2017 04:07:06 GMT" time="14.260" errors="0">
  <testcase name="clickOnAddNewFile" time="1.206" classname="com.testcase.FileUploadTest"/>
  <testcase name="enterFileLocation" time="5.908" classname="com.testcase.FileUploadTest"/>
  <testcase name="selectFileType" time="7.146" classname="com.testcase.FileUploadTest"/>
</testsuite> <!-- com.testcase.FileUploadTest -->
