<?xml version="1.0" encoding="UTF-8"?>
<!-- Generated by org.testng.reporters.JUnitReportReporter -->
<testsuite skipped="0" hostname="fourtek-desktop" name="com.testcase.FileUploadTest" tests="3" failures="0" timestamp="29 Dec 2017 09:42:58 GMT" time="16.005" errors="0">
  <testcase name="clickOnAddNewFile" time="4.231" classname="com.testcase.FileUploadTest"/>
  <testcase name="enterFileLocation" time="5.478" classname="com.testcase.FileUploadTest"/>
  <testcase name="selectFileType" time="6.296" classname="com.testcase.FileUploadTest"/>
</testsuite> <!-- com.testcase.FileUploadTest -->
