<?xml version="1.0" encoding="UTF-8"?>
<!-- Generated by org.testng.reporters.JUnitReportReporter -->
<testsuite skipped="0" hostname="fourtek-desktop" name="com.testcase.CreateProjectTest" tests="6" failures="0" timestamp="19 Dec 2017 06:51:53 GMT" time="11.058" errors="0">
  <testcase name="startproject" time="1.475" classname="com.testcase.CreateProjectTest"/>
  <testcase name="typeProjectName" time="0.229" classname="com.testcase.CreateProjectTest"/>
  <testcase name="projectType" time="1.185" classname="com.testcase.CreateProjectTest"/>
  <testcase name="industryType" time="1.220" classname="com.testcase.CreateProjectTest"/>
  <testcase name="targetLanguage" time="1.209" classname="com.testcase.CreateProjectTest"/>
  <testcase name="doClickOnLetsStartButton" time="5.740" classname="com.testcase.CreateProjectTest"/>
</testsuite> <!-- com.testcase.CreateProjectTest -->
