<?xml version="1.0" encoding="UTF-8"?>
<!-- Generated by org.testng.reporters.JUnitReportReporter -->
<testsuite skipped="0" hostname="fourtek-desktop" name="com.testcase.LoginPageTest" tests="2" failures="0" timestamp="20 Dec 2017 06:42:41 GMT" time="11.851" errors="0">
  <testcase name="openBrowser" time="5.705" classname="com.testcase.LoginPageTest"/>
  <testcase name="doLogin" time="6.146" classname="com.testcase.LoginPageTest"/>
</testsuite> <!-- com.testcase.LoginPageTest -->
