<?xml version="1.0" encoding="UTF-8"?>
<!-- Generated by org.testng.reporters.JUnitReportReporter -->
<testsuite skipped="0" hostname="fourtek-desktop" name="com.testcase.FileUploadTest" tests="3" failures="0" timestamp="03 Jan 2018 09:58:52 GMT" time="6.170" errors="0">
  <testcase name="clickOnAddNewFile" time="1.009" classname="com.testcase.FileUploadTest"/>
  <testcase name="enterFileLocation" time="3.139" classname="com.testcase.FileUploadTest"/>
  <testcase name="selectFileType" time="2.022" classname="com.testcase.FileUploadTest"/>
</testsuite> <!-- com.testcase.FileUploadTest -->
