<?xml version="1.0" encoding="UTF-8"?>
<!-- Generated by org.testng.reporters.JUnitReportReporter -->
<testsuite skipped="0" hostname="fourtek-desktop" name="com.testcase.CreateProjectTest" tests="6" failures="0" timestamp="26 Dec 2017 11:05:17 GMT" time="11.872" errors="0">
  <testcase name="startproject" time="2.228" classname="com.testcase.CreateProjectTest"/>
  <testcase name="typeProjectName" time="0.187" classname="com.testcase.CreateProjectTest"/>
  <testcase name="projectType" time="1.242" classname="com.testcase.CreateProjectTest"/>
  <testcase name="industryType" time="1.201" classname="com.testcase.CreateProjectTest"/>
  <testcase name="targetLanguage" time="1.207" classname="com.testcase.CreateProjectTest"/>
  <testcase name="doClickOnLetsStartButton" time="5.807" classname="com.testcase.CreateProjectTest"/>
</testsuite> <!-- com.testcase.CreateProjectTest -->
