<?xml version="1.0" encoding="UTF-8"?>
<!-- Generated by org.testng.reporters.JUnitReportReporter -->
<testsuite skipped="0" hostname="fourtek-desktop" name="com.testcase.CreateProjectTest" tests="6" failures="0" timestamp="21 Dec 2017 07:57:01 GMT" time="11.804" errors="0">
  <testcase name="startproject" time="2.178" classname="com.testcase.CreateProjectTest"/>
  <testcase name="typeProjectName" time="0.195" classname="com.testcase.CreateProjectTest"/>
  <testcase name="projectType" time="1.180" classname="com.testcase.CreateProjectTest"/>
  <testcase name="industryType" time="1.197" classname="com.testcase.CreateProjectTest"/>
  <testcase name="targetLanguage" time="1.236" classname="com.testcase.CreateProjectTest"/>
  <testcase name="doClickOnLetsStartButton" time="5.818" classname="com.testcase.CreateProjectTest"/>
</testsuite> <!-- com.testcase.CreateProjectTest -->
