<?xml version="1.0" encoding="UTF-8"?>
<!-- Generated by org.testng.reporters.JUnitReportReporter -->
<testsuite skipped="0" hostname="fourtek-desktop" name="com.testcase.FileUploadTest" tests="3" failures="0" timestamp="21 Dec 2017 07:57:01 GMT" time="17.123" errors="0">
  <testcase name="clickOnAddNewFile" time="4.184" classname="com.testcase.FileUploadTest"/>
  <testcase name="enterFileLocation" time="5.412" classname="com.testcase.FileUploadTest"/>
  <testcase name="selectFileType" time="7.527" classname="com.testcase.FileUploadTest"/>
</testsuite> <!-- com.testcase.FileUploadTest -->
