<?xml version="1.0" encoding="UTF-8"?>
<!-- Generated by org.testng.reporters.JUnitReportReporter -->
<testsuite skipped="0" hostname="fourtek-desktop" name="com.testcase.FileUploadTest" tests="3" failures="0" timestamp="27 Dec 2017 11:12:48 GMT" time="16.624" errors="0">
  <testcase name="clickOnAddNewFile" time="4.192" classname="com.testcase.FileUploadTest"/>
  <testcase name="enterFileLocation" time="5.442" classname="com.testcase.FileUploadTest"/>
  <testcase name="selectFileType" time="6.990" classname="com.testcase.FileUploadTest"/>
</testsuite> <!-- com.testcase.FileUploadTest -->
