<?xml version="1.0" encoding="UTF-8"?>
<!-- Generated by org.testng.reporters.JUnitReportReporter -->
<testsuite skipped="0" hostname="fourtek-desktop" name="com.testcase.MakeOrderTest" tests="4" failures="0" timestamp="21 Dec 2017 11:25:52 GMT" time="15.484" errors="0">
  <testcase name="clickOnMakeOrder" time="4.274" classname="com.testcase.MakeOrderTest"/>
  <testcase name="clickOnTagetLanguage" time="4.238" classname="com.testcase.MakeOrderTest"/>
  <testcase name="clickOnSubmit" time="2.760" classname="com.testcase.MakeOrderTest"/>
  <testcase name="clickOnPlaceOrderNow" time="4.212" classname="com.testcase.MakeOrderTest"/>
</testsuite> <!-- com.testcase.MakeOrderTest -->
