<?xml version="1.0" encoding="UTF-8"?>
<!-- Generated by org.testng.reporters.JUnitReportReporter -->
<testsuite skipped="0" hostname="fourtek-desktop" name="com.testcase.CreateProjectTest" tests="6" failures="0" timestamp="22 Dec 2017 07:44:45 GMT" time="12.300" errors="0">
  <testcase name="startproject" time="2.601" classname="com.testcase.CreateProjectTest"/>
  <testcase name="typeProjectName" time="0.184" classname="com.testcase.CreateProjectTest"/>
  <testcase name="projectType" time="1.207" classname="com.testcase.CreateProjectTest"/>
  <testcase name="industryType" time="1.190" classname="com.testcase.CreateProjectTest"/>
  <testcase name="targetLanguage" time="1.210" classname="com.testcase.CreateProjectTest"/>
  <testcase name="doClickOnLetsStartButton" time="5.908" classname="com.testcase.CreateProjectTest"/>
</testsuite> <!-- com.testcase.CreateProjectTest -->
