<?xml version="1.0" encoding="UTF-8"?>
<!-- Generated by org.testng.reporters.JUnitReportReporter -->
<testsuite skipped="0" hostname="fourtek-desktop" name="com.testcase.CreateProjectTest" tests="9" failures="0" timestamp="02 Jan 2018 06:28:27 GMT" time="21.151" errors="0">
  <testcase name="startProject" time="2.106" classname="com.testcase.CreateProjectTest"/>
  <testcase name="withOutSelectAllOptions" time="1.876" classname="com.testcase.CreateProjectTest"/>
  <testcase name="onlyEnterProjectName" time="3.966" classname="com.testcase.CreateProjectTest"/>
  <testcase name="selectTargetLanguage" time="3.326" classname="com.testcase.CreateProjectTest"/>
  <testcase name="typeProjectName" time="0.195" classname="com.testcase.CreateProjectTest"/>
  <testcase name="projectType" time="1.211" classname="com.testcase.CreateProjectTest"/>
  <testcase name="industryType" time="1.215" classname="com.testcase.CreateProjectTest"/>
  <testcase name="targetLanguage" time="1.244" classname="com.testcase.CreateProjectTest"/>
  <testcase name="doClickOnLetsStartButton" time="6.012" classname="com.testcase.CreateProjectTest"/>
</testsuite> <!-- com.testcase.CreateProjectTest -->
