<?xml version="1.0" encoding="UTF-8"?>
<!-- Generated by org.testng.reporters.JUnitReportReporter -->
<testsuite skipped="0" hostname="fourtek-desktop" name="com.testcase.LoginPageTest" tests="2" failures="0" timestamp="19 Dec 2017 10:05:36 GMT" time="12.660" errors="0">
  <testcase name="openBrowser" time="7.038" classname="com.testcase.LoginPageTest"/>
  <testcase name="doLogin" time="5.622" classname="com.testcase.LoginPageTest"/>
</testsuite> <!-- com.testcase.LoginPageTest -->
