<?xml version="1.0" encoding="UTF-8"?>
<!-- Generated by org.testng.reporters.JUnitReportReporter -->
<testsuite skipped="0" hostname="fourtek-desktop" name="com.testcase.LoginPageTest" tests="7" failures="0" timestamp="03 Jan 2018 05:29:25 GMT" time="47.373" errors="0">
  <testcase name="openBrowser" time="6.682" classname="com.testcase.LoginPageTest"/>
  <testcase name="invalidEmail" time="5.523" classname="com.testcase.LoginPageTest"/>
  <testcase name="invalidPassword" time="5.314" classname="com.testcase.LoginPageTest"/>
  <testcase name="invalidPwdEmail" time="5.166" classname="com.testcase.LoginPageTest"/>
  <testcase name="checkCaseSensitive" time="10.429" classname="com.testcase.LoginPageTest"/>
  <testcase name="checkUnicodeTransformationFormat" time="5.174" classname="com.testcase.LoginPageTest"/>
  <testcase name="doLogin" time="9.085" classname="com.testcase.LoginPageTest"/>
</testsuite> <!-- com.testcase.LoginPageTest -->
