<?xml version="1.0" encoding="UTF-8"?>
<!-- Generated by org.testng.reporters.JUnitReportReporter -->
<testsuite skipped="0" hostname="fourtek-desktop" name="com.testcase.CreateProjectTest" tests="6" failures="0" timestamp="26 Dec 2017 06:55:23 GMT" time="23.985" errors="0">
  <testcase name="startproject" time="2.258" classname="com.testcase.CreateProjectTest"/>
  <testcase name="typeProjectName" time="0.454" classname="com.testcase.CreateProjectTest"/>
  <testcase name="projectType" time="1.296" classname="com.testcase.CreateProjectTest"/>
  <testcase name="industryType" time="1.215" classname="com.testcase.CreateProjectTest"/>
  <testcase name="targetLanguage" time="1.368" classname="com.testcase.CreateProjectTest"/>
  <testcase name="doClickOnLetsStartButton" time="17.394" classname="com.testcase.CreateProjectTest"/>
</testsuite> <!-- com.testcase.CreateProjectTest -->
