<?xml version="1.0" encoding="UTF-8"?>
<!-- Generated by org.testng.reporters.JUnitReportReporter -->
<testsuite skipped="0" hostname="fourtek-desktop" name="com.testcase.LoginPageTest" tests="2" failures="0" timestamp="26 Dec 2017 07:50:56 GMT" time="14.692" errors="0">
  <testcase name="openBrowser" time="7.088" classname="com.testcase.LoginPageTest"/>
  <testcase name="doLogin" time="7.604" classname="com.testcase.LoginPageTest"/>
</testsuite> <!-- com.testcase.LoginPageTest -->
