<?xml version="1.0" encoding="UTF-8"?>
<!-- Generated by org.testng.reporters.JUnitReportReporter -->
<testsuite skipped="0" hostname="fourtek-desktop" name="com.testcase.LoginPageTest" tests="2" failures="0" timestamp="18 Dec 2017 11:15:35 GMT" time="12.185" errors="0">
  <testcase name="openBrowser" time="6.390" classname="com.testcase.LoginPageTest"/>
  <testcase name="doLogin" time="5.795" classname="com.testcase.LoginPageTest"/>
</testsuite> <!-- com.testcase.LoginPageTest -->
