<?xml version="1.0" encoding="UTF-8"?>
<!-- Generated by org.testng.reporters.JUnitReportReporter -->
<testsuite skipped="0" hostname="fourtek-desktop" name="com.testcase.LoginPageTest" tests="2" failures="0" timestamp="21 Dec 2017 07:57:01 GMT" time="10.619" errors="0">
  <testcase name="openBrowser" time="5.315" classname="com.testcase.LoginPageTest"/>
  <testcase name="doLogin" time="5.304" classname="com.testcase.LoginPageTest"/>
</testsuite> <!-- com.testcase.LoginPageTest -->
