<?xml version="1.0" encoding="UTF-8"?>
<!-- Generated by org.testng.reporters.JUnitReportReporter -->
<testsuite skipped="0" hostname="fourtek-desktop" name="com.testcase.CreateProjectTest" tests="6" failures="0" timestamp="18 Dec 2017 11:15:35 GMT" time="7.180" errors="0">
  <testcase name="startproject" time="2.073" classname="com.testcase.CreateProjectTest"/>
  <testcase name="typeProjectName" time="0.218" classname="com.testcase.CreateProjectTest"/>
  <testcase name="projectType" time="0.230" classname="com.testcase.CreateProjectTest"/>
  <testcase name="industryType" time="0.257" classname="com.testcase.CreateProjectTest"/>
  <testcase name="targetLanguage" time="0.270" classname="com.testcase.CreateProjectTest"/>
  <testcase name="doClickOnLetsStartButton" time="4.132" classname="com.testcase.CreateProjectTest"/>
</testsuite> <!-- com.testcase.CreateProjectTest -->
