<?xml version="1.0" encoding="UTF-8"?>
<!-- Generated by org.testng.reporters.JUnitReportReporter -->
<testsuite skipped="0" hostname="fourtek-desktop" name="com.testcase.LoginPageTest" tests="2" failures="0" timestamp="22 Dec 2017 10:46:53 GMT" time="22.192" errors="0">
  <testcase name="openBrowser" time="16.259" classname="com.testcase.LoginPageTest"/>
  <testcase name="doLogin" time="5.933" classname="com.testcase.LoginPageTest"/>
</testsuite> <!-- com.testcase.LoginPageTest -->
