<?xml version="1.0" encoding="UTF-8"?>
<!-- Generated by org.testng.reporters.JUnitReportReporter -->
<testsuite skipped="0" hostname="fourtek-desktop" name="com.testcase.MakeOrderTest" tests="3" failures="0" timestamp="21 Dec 2017 04:07:06 GMT" time="26.449" errors="0">
  <testcase name="clickOnMakeOrder" time="4.214" classname="com.testcase.MakeOrderTest"/>
  <testcase name="clickOnSelectAll" time="22.066" classname="com.testcase.MakeOrderTest"/>
  <testcase name="clickOnSubmit" time="0.169" classname="com.testcase.MakeOrderTest"/>
</testsuite> <!-- com.testcase.MakeOrderTest -->
