<?xml version="1.0" encoding="UTF-8"?>
<!-- Generated by org.testng.reporters.JUnitReportReporter -->
<testsuite skipped="0" hostname="fourtek-desktop" name="com.testcase.MakeOrderTest" tests="4" failures="0" timestamp="02 Jan 2018 09:20:45 GMT" time="17.725" errors="0">
  <testcase name="clickOnMakeOrder" time="4.084" classname="com.testcase.MakeOrderTest"/>
  <testcase name="clickOnTagetLanguage" time="4.244" classname="com.testcase.MakeOrderTest"/>
  <testcase name="clickOnSubmit" time="7.617" classname="com.testcase.MakeOrderTest"/>
  <testcase name="clickOnPlaceOrderNow" time="1.780" classname="com.testcase.MakeOrderTest"/>
</testsuite> <!-- com.testcase.MakeOrderTest -->
