<?xml version="1.0" encoding="UTF-8"?>
<!-- Generated by org.testng.reporters.JUnitReportReporter -->
<testsuite skipped="0" hostname="fourtek-desktop" name="com.testcase.LoginPageTest" tests="2" failures="0" timestamp="18 Dec 2017 08:06:57 GMT" time="12.346" errors="0">
  <testcase name="openBrowser" time="6.794" classname="com.testcase.LoginPageTest"/>
  <testcase name="doLogin" time="5.552" classname="com.testcase.LoginPageTest"/>
</testsuite> <!-- com.testcase.LoginPageTest -->
