<?xml version="1.0" encoding="UTF-8"?>
<!-- Generated by org.testng.reporters.JUnitReportReporter -->
<testsuite skipped="0" hostname="fourtek-desktop" name="com.testcase.FileUploadTest" tests="3" failures="0" timestamp="03 Jan 2018 05:29:25 GMT" time="16.643" errors="0">
  <testcase name="clickOnAddNewFile" time="4.180" classname="com.testcase.FileUploadTest"/>
  <testcase name="enterFileLocation" time="5.604" classname="com.testcase.FileUploadTest"/>
  <testcase name="selectFileType" time="6.859" classname="com.testcase.FileUploadTest"/>
</testsuite> <!-- com.testcase.FileUploadTest -->
