<?xml version="1.0" encoding="UTF-8"?>
<!-- Generated by org.testng.reporters.JUnitReportReporter -->
<testsuite skipped="0" hostname="fourtek-desktop" name="com.testcase.CreateProjectTest" tests="6" failures="0" timestamp="26 Dec 2017 07:50:56 GMT" time="11.491" errors="0">
  <testcase name="startproject" time="2.406" classname="com.testcase.CreateProjectTest"/>
  <testcase name="typeProjectName" time="0.204" classname="com.testcase.CreateProjectTest"/>
  <testcase name="projectType" time="1.233" classname="com.testcase.CreateProjectTest"/>
  <testcase name="industryType" time="1.214" classname="com.testcase.CreateProjectTest"/>
  <testcase name="targetLanguage" time="1.210" classname="com.testcase.CreateProjectTest"/>
  <testcase name="doClickOnLetsStartButton" time="5.224" classname="com.testcase.CreateProjectTest"/>
</testsuite> <!-- com.testcase.CreateProjectTest -->
