<?xml version="1.0" encoding="UTF-8"?>
<!-- Generated by org.testng.reporters.JUnitReportReporter -->
<testsuite skipped="0" hostname="fourtek-desktop" name="com.testcase.CreateProjectTest" tests="6" failures="0" timestamp="21 Dec 2017 09:50:25 GMT" time="20.108" errors="0">
  <testcase name="startproject" time="2.511" classname="com.testcase.CreateProjectTest"/>
  <testcase name="typeProjectName" time="0.186" classname="com.testcase.CreateProjectTest"/>
  <testcase name="projectType" time="1.197" classname="com.testcase.CreateProjectTest"/>
  <testcase name="industryType" time="1.193" classname="com.testcase.CreateProjectTest"/>
  <testcase name="targetLanguage" time="1.203" classname="com.testcase.CreateProjectTest"/>
  <testcase name="doClickOnLetsStartButton" time="13.818" classname="com.testcase.CreateProjectTest"/>
</testsuite> <!-- com.testcase.CreateProjectTest -->
