<?xml version="1.0" encoding="UTF-8"?>
<!-- Generated by org.testng.reporters.JUnitReportReporter -->
<testsuite skipped="0" hostname="fourtek-desktop" name="com.testcase.CreateProjectTest" tests="6" failures="0" timestamp="26 Dec 2017 05:38:23 GMT" time="13.518" errors="0">
  <testcase name="startproject" time="2.613" classname="com.testcase.CreateProjectTest"/>
  <testcase name="typeProjectName" time="0.249" classname="com.testcase.CreateProjectTest"/>
  <testcase name="projectType" time="1.282" classname="com.testcase.CreateProjectTest"/>
  <testcase name="industryType" time="1.255" classname="com.testcase.CreateProjectTest"/>
  <testcase name="targetLanguage" time="1.258" classname="com.testcase.CreateProjectTest"/>
  <testcase name="doClickOnLetsStartButton" time="6.861" classname="com.testcase.CreateProjectTest"/>
</testsuite> <!-- com.testcase.CreateProjectTest -->
