<?xml version="1.0" encoding="UTF-8"?>
<!-- Generated by org.testng.reporters.JUnitReportReporter -->
<testsuite skipped="0" hostname="fourtek-desktop" name="com.testcase.LoginPageTest" tests="2" failures="0" timestamp="21 Dec 2017 11:25:52 GMT" time="12.508" errors="0">
  <testcase name="openBrowser" time="5.701" classname="com.testcase.LoginPageTest"/>
  <testcase name="doLogin" time="6.807" classname="com.testcase.LoginPageTest"/>
</testsuite> <!-- com.testcase.LoginPageTest -->
