<?xml version="1.0" encoding="UTF-8"?>
<!-- Generated by org.testng.reporters.JUnitReportReporter -->
<testsuite skipped="0" hostname="fourtek-desktop" name="com.testcase.CreateProjectTest" tests="6" failures="0" timestamp="22 Dec 2017 05:34:07 GMT" time="11.583" errors="0">
  <testcase name="startproject" time="2.042" classname="com.testcase.CreateProjectTest"/>
  <testcase name="typeProjectName" time="0.181" classname="com.testcase.CreateProjectTest"/>
  <testcase name="projectType" time="1.200" classname="com.testcase.CreateProjectTest"/>
  <testcase name="industryType" time="1.227" classname="com.testcase.CreateProjectTest"/>
  <testcase name="targetLanguage" time="1.214" classname="com.testcase.CreateProjectTest"/>
  <testcase name="doClickOnLetsStartButton" time="5.719" classname="com.testcase.CreateProjectTest"/>
</testsuite> <!-- com.testcase.CreateProjectTest -->
