<?xml version="1.0" encoding="UTF-8"?>
<!-- Generated by org.testng.reporters.JUnitReportReporter -->
<testsuite skipped="0" hostname="fourtek-desktop" name="com.testcase.LoginPageTest" tests="2" failures="0" timestamp="26 Dec 2017 06:55:23 GMT" time="40.331" errors="0">
  <testcase name="openBrowser" time="30.954" classname="com.testcase.LoginPageTest"/>
  <testcase name="doLogin" time="9.377" classname="com.testcase.LoginPageTest"/>
</testsuite> <!-- com.testcase.LoginPageTest -->
