<?xml version="1.0" encoding="UTF-8"?>
<!-- Generated by org.testng.reporters.JUnitReportReporter -->
<testsuite skipped="0" hostname="fourtek-desktop" name="com.testcase.CreateProjectTest" tests="6" failures="0" timestamp="29 Dec 2017 06:10:40 GMT" time="12.005" errors="0">
  <testcase name="startproject" time="2.212" classname="com.testcase.CreateProjectTest"/>
  <testcase name="typeProjectName" time="0.231" classname="com.testcase.CreateProjectTest"/>
  <testcase name="projectType" time="1.222" classname="com.testcase.CreateProjectTest"/>
  <testcase name="industryType" time="1.200" classname="com.testcase.CreateProjectTest"/>
  <testcase name="targetLanguage" time="1.209" classname="com.testcase.CreateProjectTest"/>
  <testcase name="doClickOnLetsStartButton" time="5.931" classname="com.testcase.CreateProjectTest"/>
</testsuite> <!-- com.testcase.CreateProjectTest -->
