<?xml version="1.0" encoding="UTF-8"?>
<!-- Generated by org.testng.reporters.JUnitReportReporter -->
<testsuite skipped="0" hostname="fourtek-desktop" name="com.testcase.LoginPageTest" tests="2" failures="0" timestamp="22 Dec 2017 06:24:55 GMT" time="15.663" errors="0">
  <testcase name="openBrowser" time="9.768" classname="com.testcase.LoginPageTest"/>
  <testcase name="doLogin" time="5.895" classname="com.testcase.LoginPageTest"/>
</testsuite> <!-- com.testcase.LoginPageTest -->
