<?xml version="1.0" encoding="UTF-8"?>
<!-- Generated by org.testng.reporters.JUnitReportReporter -->
<testsuite skipped="0" hostname="fourtek-desktop" name="com.testcase.LoginPageTest" tests="2" failures="0" timestamp="26 Dec 2017 11:05:17 GMT" time="71.797" errors="0">
  <testcase name="openBrowser" time="63.616" classname="com.testcase.LoginPageTest"/>
  <testcase name="doLogin" time="8.181" classname="com.testcase.LoginPageTest"/>
</testsuite> <!-- com.testcase.LoginPageTest -->
