<?xml version="1.0" encoding="UTF-8"?>
<!-- Generated by org.testng.reporters.JUnitReportReporter -->
<testsuite skipped="0" hostname="fourtek-desktop" name="com.testcase.FileUploadTest" tests="3" failures="0" timestamp="20 Dec 2017 06:42:41 GMT" time="13.642" errors="0">
  <testcase name="clickOnAddNewFile" time="1.135" classname="com.testcase.FileUploadTest"/>
  <testcase name="enterFileLocation" time="5.514" classname="com.testcase.FileUploadTest"/>
  <testcase name="selectFileType" time="6.993" classname="com.testcase.FileUploadTest"/>
</testsuite> <!-- com.testcase.FileUploadTest -->
