<?xml version="1.0" encoding="UTF-8"?>
<!-- Generated by org.testng.reporters.JUnitReportReporter -->
<testsuite skipped="0" hostname="fourtek-desktop" name="com.testcase.LoginPageTest" tests="2" failures="0" timestamp="18 Dec 2017 06:28:42 GMT" time="13.901" errors="0">
  <testcase name="openBrowser" time="6.650" classname="com.testcase.LoginPageTest"/>
  <testcase name="doLogin" time="7.251" classname="com.testcase.LoginPageTest"/>
</testsuite> <!-- com.testcase.LoginPageTest -->
