<?xml version="1.0" encoding="UTF-8"?>
<!-- Generated by org.testng.reporters.JUnitReportReporter -->
<testsuite skipped="0" hostname="fourtek-desktop" name="com.testcase.FileUploadTest" tests="3" failures="0" timestamp="26 Dec 2017 07:50:56 GMT" time="16.927" errors="0">
  <testcase name="clickOnAddNewFile" time="4.187" classname="com.testcase.FileUploadTest"/>
  <testcase name="enterFileLocation" time="5.483" classname="com.testcase.FileUploadTest"/>
  <testcase name="selectFileType" time="7.257" classname="com.testcase.FileUploadTest"/>
</testsuite> <!-- com.testcase.FileUploadTest -->
