<?xml version="1.0" encoding="UTF-8"?>
<!-- Generated by org.testng.reporters.JUnitReportReporter -->
<testsuite skipped="0" hostname="fourtek-desktop" name="com.testcase.LoginPageTest" tests="2" failures="0" timestamp="21 Dec 2017 04:07:06 GMT" time="16.341" errors="0">
  <testcase name="openBrowser" time="10.263" classname="com.testcase.LoginPageTest"/>
  <testcase name="doLogin" time="6.078" classname="com.testcase.LoginPageTest"/>
</testsuite> <!-- com.testcase.LoginPageTest -->
