<?xml version="1.0" encoding="UTF-8"?>
<!-- Generated by org.testng.reporters.JUnitReportReporter -->
<testsuite skipped="0" hostname="fourtek-desktop" name="com.testcase.LoginPageTest" tests="2" failures="0" timestamp="19 Dec 2017 12:44:05 GMT" time="16.246" errors="0">
  <testcase name="openBrowser" time="10.690" classname="com.testcase.LoginPageTest"/>
  <testcase name="doLogin" time="5.556" classname="com.testcase.LoginPageTest"/>
</testsuite> <!-- com.testcase.LoginPageTest -->
