<?xml version="1.0" encoding="UTF-8"?>
<!-- Generated by org.testng.reporters.JUnitReportReporter -->
<testsuite skipped="0" hostname="fourtek-desktop" name="com.testcase.LoginPageTest" tests="5" failures="0" timestamp="29 Dec 2017 10:17:59 GMT" time="41.601" errors="0">
  <testcase name="openBrowser" time="17.425" classname="com.testcase.LoginPageTest"/>
  <testcase name="invalidEmail" time="5.428" classname="com.testcase.LoginPageTest"/>
  <testcase name="invalidPassword" time="5.183" classname="com.testcase.LoginPageTest"/>
  <testcase name="invalidPwdEmail" time="4.462" classname="com.testcase.LoginPageTest"/>
  <testcase name="doLogin" time="9.103" classname="com.testcase.LoginPageTest"/>
</testsuite> <!-- com.testcase.LoginPageTest -->
