<?xml version="1.0" encoding="UTF-8"?>
<!-- Generated by org.testng.reporters.JUnitReportReporter -->
<testsuite skipped="0" hostname="fourtek-desktop" name="com.testcase.CreateProjectTest" tests="6" failures="0" timestamp="27 Dec 2017 11:12:48 GMT" time="12.627" errors="0">
  <testcase name="startproject" time="2.251" classname="com.testcase.CreateProjectTest"/>
  <testcase name="typeProjectName" time="0.216" classname="com.testcase.CreateProjectTest"/>
  <testcase name="projectType" time="1.251" classname="com.testcase.CreateProjectTest"/>
  <testcase name="industryType" time="1.195" classname="com.testcase.CreateProjectTest"/>
  <testcase name="targetLanguage" time="1.233" classname="com.testcase.CreateProjectTest"/>
  <testcase name="doClickOnLetsStartButton" time="6.481" classname="com.testcase.CreateProjectTest"/>
</testsuite> <!-- com.testcase.CreateProjectTest -->
