<?xml version="1.0" encoding="UTF-8"?>
<!-- Generated by org.testng.reporters.JUnitReportReporter -->
<testsuite skipped="0" hostname="fourtek-desktop" name="com.testcase.CreateProjectTest" tests="6" failures="0" timestamp="22 Dec 2017 06:24:55 GMT" time="11.887" errors="0">
  <testcase name="startproject" time="2.602" classname="com.testcase.CreateProjectTest"/>
  <testcase name="typeProjectName" time="0.278" classname="com.testcase.CreateProjectTest"/>
  <testcase name="projectType" time="1.233" classname="com.testcase.CreateProjectTest"/>
  <testcase name="industryType" time="1.196" classname="com.testcase.CreateProjectTest"/>
  <testcase name="targetLanguage" time="1.216" classname="com.testcase.CreateProjectTest"/>
  <testcase name="doClickOnLetsStartButton" time="5.362" classname="com.testcase.CreateProjectTest"/>
</testsuite> <!-- com.testcase.CreateProjectTest -->
