<?xml version="1.0" encoding="UTF-8"?>
<!-- Generated by org.testng.reporters.JUnitReportReporter -->
<testsuite skipped="0" hostname="fourtek-desktop" name="com.testcase.CreateProjectTest" tests="9" failures="0" timestamp="03 Jan 2018 06:30:26 GMT" time="20.297" errors="0">
  <testcase name="startProject" time="1.418" classname="com.testcase.CreateProjectTest"/>
  <testcase name="withOutSelectAllOptions" time="2.252" classname="com.testcase.CreateProjectTest"/>
  <testcase name="onlyEnterProjectName" time="4.147" classname="com.testcase.CreateProjectTest"/>
  <testcase name="onlySelectTargetLanguage" time="3.665" classname="com.testcase.CreateProjectTest"/>
  <testcase name="typeProjectName" time="0.087" classname="com.testcase.CreateProjectTest"/>
  <testcase name="projectType" time="1.224" classname="com.testcase.CreateProjectTest"/>
  <testcase name="industryType" time="1.214" classname="com.testcase.CreateProjectTest"/>
  <testcase name="targetLanguage" time="1.265" classname="com.testcase.CreateProjectTest"/>
  <testcase name="doClickOnLetsStartButton" time="5.025" classname="com.testcase.CreateProjectTest"/>
</testsuite> <!-- com.testcase.CreateProjectTest -->
