<?xml version="1.0" encoding="UTF-8"?>
<!-- Generated by org.testng.reporters.JUnitReportReporter -->
<testsuite skipped="0" hostname="fourtek-desktop" name="com.testcase.LoginPageTest" tests="5" failures="0" timestamp="29 Dec 2017 06:10:40 GMT" time="53.207" errors="0">
  <testcase name="openBrowser" time="27.225" classname="com.testcase.LoginPageTest"/>
  <testcase name="invalidEmail" time="5.316" classname="com.testcase.LoginPageTest"/>
  <testcase name="invalidPassword" time="5.087" classname="com.testcase.LoginPageTest"/>
  <testcase name="invalidPwdEmail" time="4.384" classname="com.testcase.LoginPageTest"/>
  <testcase name="doLogin" time="11.195" classname="com.testcase.LoginPageTest"/>
</testsuite> <!-- com.testcase.LoginPageTest -->
