<?xml version="1.0" encoding="UTF-8"?>
<!-- Generated by org.testng.reporters.JUnitReportReporter -->
<testsuite skipped="0" hostname="fourtek-desktop" name="com.testcase.LoginPageTest" tests="2" failures="0" timestamp="22 Dec 2017 07:44:45 GMT" time="17.854" errors="0">
  <testcase name="openBrowser" time="11.586" classname="com.testcase.LoginPageTest"/>
  <testcase name="doLogin" time="6.268" classname="com.testcase.LoginPageTest"/>
</testsuite> <!-- com.testcase.LoginPageTest -->
