<?xml version="1.0" encoding="UTF-8"?>
<!-- Generated by org.testng.reporters.JUnitReportReporter -->
<testsuite skipped="0" hostname="fourtek-desktop" name="com.testcase.MakeOrderTest" tests="4" failures="0" timestamp="26 Dec 2017 06:55:23 GMT" time="16.557" errors="0">
  <testcase name="clickOnMakeOrder" time="4.697" classname="com.testcase.MakeOrderTest"/>
  <testcase name="clickOnTagetLanguage" time="4.244" classname="com.testcase.MakeOrderTest"/>
  <testcase name="clickOnSubmit" time="5.962" classname="com.testcase.MakeOrderTest"/>
  <testcase name="clickOnPlaceOrderNow" time="1.654" classname="com.testcase.MakeOrderTest"/>
</testsuite> <!-- com.testcase.MakeOrderTest -->
