<?xml version="1.0" encoding="UTF-8"?>
<!-- Generated by org.testng.reporters.JUnitReportReporter -->
<testsuite skipped="0" hostname="fourtek-desktop" name="com.testcase.FileUploadTest" tests="2" failures="0" timestamp="19 Dec 2017 06:51:53 GMT" time="1.425" errors="0">
  <testcase name="uploadTheFile" time="1.123" classname="com.testcase.FileUploadTest"/>
  <testcase name="enterFileLocation" time="0.302" classname="com.testcase.FileUploadTest"/>
</testsuite> <!-- com.testcase.FileUploadTest -->
