<?xml version="1.0" encoding="UTF-8"?>
<!-- Generated by org.testng.reporters.JUnitReportReporter -->
<testsuite skipped="0" hostname="fourtek-desktop" name="com.testcase.CreateProjectTest" tests="6" failures="0" timestamp="27 Dec 2017 04:39:39 GMT" time="11.039" errors="0">
  <testcase name="startproject" time="2.161" classname="com.testcase.CreateProjectTest"/>
  <testcase name="typeProjectName" time="0.175" classname="com.testcase.CreateProjectTest"/>
  <testcase name="projectType" time="1.232" classname="com.testcase.CreateProjectTest"/>
  <testcase name="industryType" time="1.193" classname="com.testcase.CreateProjectTest"/>
  <testcase name="targetLanguage" time="1.202" classname="com.testcase.CreateProjectTest"/>
  <testcase name="doClickOnLetsStartButton" time="5.076" classname="com.testcase.CreateProjectTest"/>
</testsuite> <!-- com.testcase.CreateProjectTest -->
