<?xml version="1.0" encoding="UTF-8"?>
<!-- Generated by org.testng.reporters.JUnitReportReporter -->
<testsuite skipped="0" hostname="fourtek-desktop" name="com.testcase.FileUploadTest" tests="1" failures="0" timestamp="19 Dec 2017 04:49:47 GMT" time="0.089" errors="0">
  <testcase name="uploadTheFile" time="0.089" classname="com.testcase.FileUploadTest"/>
</testsuite> <!-- com.testcase.FileUploadTest -->
