<?xml version="1.0" encoding="UTF-8"?>
<!-- Generated by org.testng.reporters.JUnitReportReporter -->
<testsuite skipped="0" hostname="fourtek-desktop" name="com.testcase.CreateProjectTest" tests="6" failures="0" timestamp="20 Dec 2017 04:55:39 GMT" time="14.433" errors="0">
  <testcase name="startproject" time="1.740" classname="com.testcase.CreateProjectTest"/>
  <testcase name="typeProjectName" time="0.214" classname="com.testcase.CreateProjectTest"/>
  <testcase name="projectType" time="1.194" classname="com.testcase.CreateProjectTest"/>
  <testcase name="industryType" time="1.227" classname="com.testcase.CreateProjectTest"/>
  <testcase name="targetLanguage" time="1.196" classname="com.testcase.CreateProjectTest"/>
  <testcase name="doClickOnLetsStartButton" time="8.862" classname="com.testcase.CreateProjectTest"/>
</testsuite> <!-- com.testcase.CreateProjectTest -->
