<?xml version="1.0" encoding="UTF-8"?>
<!-- Generated by org.testng.reporters.JUnitReportReporter -->
<testsuite skipped="0" hostname="fourtek-desktop" name="com.testcase.FileUploadTest" tests="2" failures="0" timestamp="19 Dec 2017 10:05:36 GMT" time="3.606" errors="0">
  <testcase name="clickOnAddNewFile" time="1.130" classname="com.testcase.FileUploadTest"/>
  <testcase name="enterFileLocation" time="2.476" classname="com.testcase.FileUploadTest"/>
</testsuite> <!-- com.testcase.FileUploadTest -->
