<?xml version="1.0" encoding="UTF-8"?>
<!-- Generated by org.testng.reporters.JUnitReportReporter -->
<testsuite skipped="0" hostname="fourtek-desktop" name="com.testcase.MakeOrderTest" tests="4" failures="0" timestamp="22 Dec 2017 06:24:55 GMT" time="33.673" errors="0">
  <testcase name="clickOnMakeOrder" time="4.336" classname="com.testcase.MakeOrderTest"/>
  <testcase name="clickOnTagetLanguage" time="4.255" classname="com.testcase.MakeOrderTest"/>
  <testcase name="clickOnSubmit" time="17.607" classname="com.testcase.MakeOrderTest"/>
  <testcase name="clickOnPlaceOrderNow" time="7.475" classname="com.testcase.MakeOrderTest"/>
</testsuite> <!-- com.testcase.MakeOrderTest -->
