<?xml version="1.0" encoding="UTF-8"?>
<!-- Generated by org.testng.reporters.JUnitReportReporter -->
<testsuite skipped="0" hostname="fourtek-desktop" name="com.testcase.CreateProjectTest" tests="6" failures="0" timestamp="20 Dec 2017 06:42:41 GMT" time="11.514" errors="0">
  <testcase name="startproject" time="1.994" classname="com.testcase.CreateProjectTest"/>
  <testcase name="typeProjectName" time="0.250" classname="com.testcase.CreateProjectTest"/>
  <testcase name="projectType" time="1.193" classname="com.testcase.CreateProjectTest"/>
  <testcase name="industryType" time="1.203" classname="com.testcase.CreateProjectTest"/>
  <testcase name="targetLanguage" time="1.222" classname="com.testcase.CreateProjectTest"/>
  <testcase name="doClickOnLetsStartButton" time="5.652" classname="com.testcase.CreateProjectTest"/>
</testsuite> <!-- com.testcase.CreateProjectTest -->
