<?xml version="1.0" encoding="UTF-8"?>
<!-- Generated by org.testng.reporters.JUnitReportReporter -->
<testsuite skipped="0" hostname="fourtek-desktop" name="com.testcase.MakeOrderTest" tests="2" failures="0" timestamp="20 Dec 2017 06:42:41 GMT" time="5.271" errors="0">
  <testcase name="clickOnMakeOrder" time="3.154" classname="com.testcase.MakeOrderTest"/>
  <testcase name="clickOnSelectAll" time="2.117" classname="com.testcase.MakeOrderTest"/>
</testsuite> <!-- com.testcase.MakeOrderTest -->
