<?xml version="1.0" encoding="UTF-8"?>
<!-- Generated by org.testng.reporters.JUnitReportReporter -->
<testsuite skipped="0" hostname="fourtek-desktop" name="com.testcase.CreateProjectTest" tests="5" failures="0" timestamp="18 Dec 2017 07:17:44 GMT" time="3.025" errors="0">
  <testcase name="startproject" time="1.949" classname="com.testcase.CreateProjectTest"/>
  <testcase name="typeProjectName" time="0.212" classname="com.testcase.CreateProjectTest"/>
  <testcase name="projectType" time="0.240" classname="com.testcase.CreateProjectTest"/>
  <testcase name="industryType" time="0.288" classname="com.testcase.CreateProjectTest"/>
  <testcase name="targetLanguage" time="0.336" classname="com.testcase.CreateProjectTest"/>
</testsuite> <!-- com.testcase.CreateProjectTest -->
