<?xml version="1.0" encoding="UTF-8"?>
<!-- Generated by org.testng.reporters.JUnitReportReporter -->
<testsuite skipped="0" hostname="fourtek-desktop" name="com.testcase.LoginPageTest" tests="2" failures="0" timestamp="21 Dec 2017 06:33:25 GMT" time="11.582" errors="0">
  <testcase name="openBrowser" time="6.026" classname="com.testcase.LoginPageTest"/>
  <testcase name="doLogin" time="5.556" classname="com.testcase.LoginPageTest"/>
</testsuite> <!-- com.testcase.LoginPageTest -->
