<?xml version="1.0" encoding="UTF-8"?>
<!-- Generated by org.testng.reporters.JUnitReportReporter -->
<testsuite skipped="0" hostname="fourtek-desktop" name="com.testcase.FileUploadTest" tests="3" failures="0" timestamp="22 Dec 2017 05:19:54 GMT" time="17.264" errors="0">
  <testcase name="clickOnAddNewFile" time="4.224" classname="com.testcase.FileUploadTest"/>
  <testcase name="enterFileLocation" time="6.217" classname="com.testcase.FileUploadTest"/>
  <testcase name="selectFileType" time="6.823" classname="com.testcase.FileUploadTest"/>
</testsuite> <!-- com.testcase.FileUploadTest -->
