<?xml version="1.0" encoding="UTF-8"?>
<!-- Generated by org.testng.reporters.JUnitReportReporter -->
<testsuite skipped="0" hostname="fourtek-desktop" name="com.testcase.CreateProjectTest" tests="6" failures="0" timestamp="20 Dec 2017 05:45:02 GMT" time="11.211" errors="0">
  <testcase name="startproject" time="1.800" classname="com.testcase.CreateProjectTest"/>
  <testcase name="typeProjectName" time="0.235" classname="com.testcase.CreateProjectTest"/>
  <testcase name="projectType" time="1.210" classname="com.testcase.CreateProjectTest"/>
  <testcase name="industryType" time="1.228" classname="com.testcase.CreateProjectTest"/>
  <testcase name="targetLanguage" time="1.250" classname="com.testcase.CreateProjectTest"/>
  <testcase name="doClickOnLetsStartButton" time="5.488" classname="com.testcase.CreateProjectTest"/>
</testsuite> <!-- com.testcase.CreateProjectTest -->
