<?xml version="1.0" encoding="UTF-8"?>
<!-- Generated by org.testng.reporters.JUnitReportReporter -->
<testsuite skipped="0" hostname="fourtek-desktop" name="com.testcase.LoginPageTest" tests="2" failures="0" timestamp="20 Dec 2017 05:45:02 GMT" time="12.298" errors="0">
  <testcase name="openBrowser" time="6.921" classname="com.testcase.LoginPageTest"/>
  <testcase name="doLogin" time="5.377" classname="com.testcase.LoginPageTest"/>
</testsuite> <!-- com.testcase.LoginPageTest -->
