<?xml version="1.0" encoding="UTF-8"?>
<!-- Generated by org.testng.reporters.JUnitReportReporter -->
<testsuite skipped="0" hostname="fourtek-desktop" name="com.testcase.CreateProjectTest" tests="6" failures="0" timestamp="22 Dec 2017 10:46:53 GMT" time="11.317" errors="0">
  <testcase name="startproject" time="1.745" classname="com.testcase.CreateProjectTest"/>
  <testcase name="typeProjectName" time="0.222" classname="com.testcase.CreateProjectTest"/>
  <testcase name="projectType" time="1.226" classname="com.testcase.CreateProjectTest"/>
  <testcase name="industryType" time="1.216" classname="com.testcase.CreateProjectTest"/>
  <testcase name="targetLanguage" time="1.202" classname="com.testcase.CreateProjectTest"/>
  <testcase name="doClickOnLetsStartButton" time="5.706" classname="com.testcase.CreateProjectTest"/>
</testsuite> <!-- com.testcase.CreateProjectTest -->
