<?xml version="1.0" encoding="UTF-8"?>
<!-- Generated by org.testng.reporters.JUnitReportReporter -->
<testsuite skipped="0" hostname="fourtek-desktop" name="com.testcase.CreateProjectTest" tests="6" failures="0" timestamp="21 Dec 2017 04:07:06 GMT" time="11.295" errors="0">
  <testcase name="startproject" time="1.664" classname="com.testcase.CreateProjectTest"/>
  <testcase name="typeProjectName" time="0.251" classname="com.testcase.CreateProjectTest"/>
  <testcase name="projectType" time="1.194" classname="com.testcase.CreateProjectTest"/>
  <testcase name="industryType" time="1.183" classname="com.testcase.CreateProjectTest"/>
  <testcase name="targetLanguage" time="1.214" classname="com.testcase.CreateProjectTest"/>
  <testcase name="doClickOnLetsStartButton" time="5.789" classname="com.testcase.CreateProjectTest"/>
</testsuite> <!-- com.testcase.CreateProjectTest -->
