<?xml version="1.0" encoding="UTF-8"?>
<!-- Generated by org.testng.reporters.JUnitReportReporter -->
<testsuite skipped="0" hostname="fourtek-desktop" name="com.testcase.LoginPageTest" tests="2" failures="0" timestamp="21 Dec 2017 09:50:25 GMT" time="19.023" errors="0">
  <testcase name="openBrowser" time="6.698" classname="com.testcase.LoginPageTest"/>
  <testcase name="doLogin" time="12.325" classname="com.testcase.LoginPageTest"/>
</testsuite> <!-- com.testcase.LoginPageTest -->
