<?xml version="1.0" encoding="UTF-8"?>
<!-- Generated by org.testng.reporters.JUnitReportReporter -->
<testsuite skipped="0" hostname="fourtek-desktop" name="com.testcase.FileUploadTest" tests="3" failures="0" timestamp="20 Dec 2017 04:55:39 GMT" time="16.525" errors="0">
  <testcase name="clickOnAddNewFile" time="1.141" classname="com.testcase.FileUploadTest"/>
  <testcase name="enterFileLocation" time="5.504" classname="com.testcase.FileUploadTest"/>
  <testcase name="selectFileType" time="9.880" classname="com.testcase.FileUploadTest"/>
</testsuite> <!-- com.testcase.FileUploadTest -->
