<?xml version="1.0" encoding="UTF-8"?>
<!-- Generated by org.testng.reporters.JUnitReportReporter -->
<testsuite skipped="0" hostname="fourtek-desktop" name="com.testcase.LoginPageTest" tests="2" failures="0" timestamp="20 Dec 2017 04:55:39 GMT" time="44.232" errors="0">
  <testcase name="openBrowser" time="33.064" classname="com.testcase.LoginPageTest"/>
  <testcase name="doLogin" time="11.168" classname="com.testcase.LoginPageTest"/>
</testsuite> <!-- com.testcase.LoginPageTest -->
