<?xml version="1.0" encoding="UTF-8"?>
<!-- Generated by org.testng.reporters.JUnitReportReporter -->
<testsuite skipped="0" hostname="fourtek-desktop" name="com.testcase.MakeOrderTest" tests="3" failures="0" timestamp="20 Dec 2017 07:09:04 GMT" time="7.339" errors="0">
  <testcase name="clickOnMakeOrder" time="3.153" classname="com.testcase.MakeOrderTest"/>
  <testcase name="clickOnSelectAll" time="2.103" classname="com.testcase.MakeOrderTest"/>
  <testcase name="clickOnSubmit" time="2.083" classname="com.testcase.MakeOrderTest"/>
</testsuite> <!-- com.testcase.MakeOrderTest -->
