<?xml version="1.0" encoding="UTF-8"?>
<!-- Generated by org.testng.reporters.JUnitReportReporter -->
<testsuite skipped="0" hostname="fourtek-desktop" name="com.testcase.FileUploadTest" tests="3" failures="0" timestamp="22 Dec 2017 10:46:53 GMT" time="17.330" errors="0">
  <testcase name="clickOnAddNewFile" time="4.269" classname="com.testcase.FileUploadTest"/>
  <testcase name="enterFileLocation" time="6.008" classname="com.testcase.FileUploadTest"/>
  <testcase name="selectFileType" time="7.053" classname="com.testcase.FileUploadTest"/>
</testsuite> <!-- com.testcase.FileUploadTest -->
