<?xml version="1.0" encoding="UTF-8"?>
<!-- Generated by org.testng.reporters.JUnitReportReporter -->
<testsuite skipped="0" hostname="fourtek-desktop" name="com.testcase.MakeOrderTest" tests="4" failures="0" timestamp="21 Dec 2017 07:57:01 GMT" time="37.256" errors="0">
  <testcase name="clickOnMakeOrder" time="4.452" classname="com.testcase.MakeOrderTest"/>
  <testcase name="clickOnTagetLanguage" time="24.291" classname="com.testcase.MakeOrderTest"/>
  <testcase name="clickOnSubmit" time="5.465" classname="com.testcase.MakeOrderTest"/>
  <testcase name="clickOnPlaceOrderNow" time="3.048" classname="com.testcase.MakeOrderTest"/>
</testsuite> <!-- com.testcase.MakeOrderTest -->
