<?xml version="1.0" encoding="UTF-8"?>
<!-- Generated by org.testng.reporters.JUnitReportReporter -->
<testsuite skipped="0" hostname="fourtek-desktop" name="com.testcase.LoginPageTest" tests="2" failures="0" timestamp="22 Dec 2017 05:19:55 GMT" time="19.495" errors="0">
  <testcase name="openBrowser" time="13.941" classname="com.testcase.LoginPageTest"/>
  <testcase name="doLogin" time="5.554" classname="com.testcase.LoginPageTest"/>
</testsuite> <!-- com.testcase.LoginPageTest -->
