<?xml version="1.0" encoding="UTF-8"?>
<!-- Generated by org.testng.reporters.JUnitReportReporter -->
<testsuite skipped="0" hostname="fourtek-desktop" name="com.testcase.LoginPageTest" tests="2" failures="0" timestamp="27 Dec 2017 04:39:39 GMT" time="16.937" errors="0">
  <testcase name="openBrowser" time="9.803" classname="com.testcase.LoginPageTest"/>
  <testcase name="doLogin" time="7.134" classname="com.testcase.LoginPageTest"/>
</testsuite> <!-- com.testcase.LoginPageTest -->
