<?xml version="1.0" encoding="UTF-8"?>
<!-- Generated by org.testng.reporters.JUnitReportReporter -->
<testsuite skipped="0" hostname="fourtek-desktop" name="com.testcase.MakeOrderTest" tests="3" failures="0" timestamp="21 Dec 2017 06:33:25 GMT" time="30.669" errors="0">
  <testcase name="clickOnMakeOrder" time="4.234" classname="com.testcase.MakeOrderTest"/>
  <testcase name="clickOnTagetLanguage" time="24.256" classname="com.testcase.MakeOrderTest"/>
  <testcase name="clickOnSubmit" time="2.179" classname="com.testcase.MakeOrderTest"/>
</testsuite> <!-- com.testcase.MakeOrderTest -->
