<?xml version="1.0" encoding="UTF-8"?>
<!-- Generated by org.testng.reporters.JUnitReportReporter -->
<testsuite skipped="0" hostname="fourtek-desktop" name="com.testcase.LoginPageTest" tests="7" failures="0" timestamp="03 Jan 2018 06:30:26 GMT" time="57.966" errors="0">
  <testcase name="openBrowser" time="13.832" classname="com.testcase.LoginPageTest"/>
  <testcase name="invalidEmail" time="5.511" classname="com.testcase.LoginPageTest"/>
  <testcase name="invalidPassword" time="5.378" classname="com.testcase.LoginPageTest"/>
  <testcase name="invalidPwdEmail" time="5.265" classname="com.testcase.LoginPageTest"/>
  <testcase name="checkCaseSensitive" time="10.462" classname="com.testcase.LoginPageTest"/>
  <testcase name="checkUnicodeTransformationFormat" time="5.280" classname="com.testcase.LoginPageTest"/>
  <testcase name="doLogin" time="12.238" classname="com.testcase.LoginPageTest"/>
</testsuite> <!-- com.testcase.LoginPageTest -->
