<?xml version="1.0" encoding="UTF-8"?>
<!-- Generated by org.testng.reporters.JUnitReportReporter -->
<testsuite skipped="0" hostname="fourtek-desktop" name="com.testcase.CreateProjectTest" tests="6" failures="0" timestamp="19 Dec 2017 10:05:36 GMT" time="11.492" errors="0">
  <testcase name="startproject" time="1.557" classname="com.testcase.CreateProjectTest"/>
  <testcase name="typeProjectName" time="0.277" classname="com.testcase.CreateProjectTest"/>
  <testcase name="projectType" time="1.213" classname="com.testcase.CreateProjectTest"/>
  <testcase name="industryType" time="1.203" classname="com.testcase.CreateProjectTest"/>
  <testcase name="targetLanguage" time="1.229" classname="com.testcase.CreateProjectTest"/>
  <testcase name="doClickOnLetsStartButton" time="6.013" classname="com.testcase.CreateProjectTest"/>
</testsuite> <!-- com.testcase.CreateProjectTest -->
