<?xml version="1.0" encoding="UTF-8"?>
<!-- Generated by org.testng.reporters.JUnitReportReporter -->
<testsuite skipped="0" hostname="fourtek-desktop" name="com.testcase.LoginPageTest" tests="5" failures="0" timestamp="02 Jan 2018 09:59:39 GMT" time="42.000" errors="0">
  <testcase name="openBrowser" time="11.347" classname="com.testcase.LoginPageTest"/>
  <testcase name="invalidEmail" time="5.592" classname="com.testcase.LoginPageTest"/>
  <testcase name="invalidPassword" time="9.913" classname="com.testcase.LoginPageTest"/>
  <testcase name="invalidPwdEmail" time="5.301" classname="com.testcase.LoginPageTest"/>
  <testcase name="doLogin" time="9.847" classname="com.testcase.LoginPageTest"/>
</testsuite> <!-- com.testcase.LoginPageTest -->
