<?xml version="1.0" encoding="UTF-8"?>
<!-- Generated by org.testng.reporters.JUnitReportReporter -->
<testsuite skipped="0" hostname="fourtek-desktop" name="com.testcase.LoginPageTest" tests="2" failures="0" timestamp="14 Dec 2017 07:51:36 GMT" time="9.335" errors="0">
  <testcase name="openBrowser" time="6.848" classname="com.testcase.LoginPageTest"/>
  <testcase name="doLogin" time="2.487" classname="com.testcase.LoginPageTest"/>
</testsuite> <!-- com.testcase.LoginPageTest -->
